<?xml version="1.0" encoding="UTF-8"?>
<!-- Generated by org.testng.reporters.JUnitXMLReporter -->
<testsuite ignored="0" hostname="arpaghos-WX-1" failures="0" tests="5" name="Test" time="96.736" errors="0" timestamp="2021-08-10T19:39:19 IST">
  <testcase classname="com.app.ui.CartPage" name="validCardDisplayOnPage" time="46.824"/>
  <testcase classname="com.app.ui.MenuPage" name="invalidUserCredsTest" time="12.807"/>
  <testcase classname="com.app.ui.MenuPage" name="validCardDisplayOnPage" time="12.612"/>
  <testcase classname="com.app.ui.MenuPage" name="validUserCredsTest" time="2.56"/>
  <testcase classname="com.app.ui.AdminPage" name="validUserCredsTest" time="4.008"/>
</testsuite> <!-- Test -->
